<?xml version="1.0" encoding="UTF-8"?>
<testsuite xmlns:xsi="http://www.w3.org/2001/XMLSchema-instance" xsi:noNamespaceSchemaLocation="https://maven.apache.org/surefire/maven-surefire-plugin/xsd/surefire-test-report.xsd" name="org.apache.dubbo.rpc.filter.ExecuteLimitFilterTest" time="1.017" tests="4" errors="0" skipped="0" failures="0">
  <properties>
[...]
</properties>
  <testcase name="testExecuteLimitInvoke" classname="org.apache.dubbo.rpc.filter.ExecuteLimitFilterTest" time="0.003"/>
  <testcase name="testNoExecuteLimitInvoke" classname="org.apache.dubbo.rpc.filter.ExecuteLimitFilterTest" time="0.002"/>
  <testcase name="testExecuteLimitInvokeWitException" classname="org.apache.dubbo.rpc.filter.ExecuteLimitFilterTest" time="0.003"/>
  <testcase name="testMoreThanExecuteLimitInvoke" classname="org.apache.dubbo.rpc.filter.ExecuteLimitFilterTest" time="1.006"/>
</testsuite>