<?xml version="1.0" encoding="UTF-8"?>
<testsuite xmlns:xsi="http://www.w3.org/2001/XMLSchema-instance" xsi:noNamespaceSchemaLocation="https://maven.apache.org/surefire/maven-surefire-plugin/xsd/surefire-test-report.xsd" name="org.apache.dubbo.rpc.protocol.rmi.RmiProtocolTest" time="7.704" tests="5" errors="0" skipped="1" failures="0">
  <properties>
[...]
</properties>
  <testcase name="testRmiProtocol_echoService" classname="org.apache.dubbo.rpc.protocol.rmi.RmiProtocolTest" time="0">
    <skipped message="public void org.apache.dubbo.rpc.protocol.rmi.RmiProtocolTest.testRmiProtocol_echoService() throws java.lang.Exception is @Disabled"/>
    <system-err><![CDATA[log4j:WARN No appenders could be found for logger (org.apache.dubbo.common.logger.LoggerFactory).
log4j:WARN Please initialize the log4j system properly.
log4j:WARN See http://logging.apache.org/log4j/1.2/faq.html#noconfig for more info.
]]></system-err>
  </testcase>
  <testcase name="testRmiProtocol" classname="org.apache.dubbo.rpc.protocol.rmi.RmiProtocolTest" time="0.957"/>
  <testcase name="testRmiProtocolTimeout" classname="org.apache.dubbo.rpc.protocol.rmi.RmiProtocolTest" time="6.018"/>
  <testcase name="testRemoteApplicationName" classname="org.apache.dubbo.rpc.protocol.rmi.RmiProtocolTest" time="0.014"/>
  <testcase name="testGenericInvoke" classname="org.apache.dubbo.rpc.protocol.rmi.RmiProtocolTest" time="0.029"/>
</testsuite>